<?xml version="1.0" encoding="UTF-8"?>
<!-- Generated by org.testng.reporters.JUnitReportReporter -->
<testsuite hostname="Jodan" failures="0" tests="1" name="TestNG.LearningHierarchy" time="0.008" errors="0" timestamp="2021-08-11T12:54:15 IST" skipped="0">
  <testcase classname="TestNG.LearningHierarchy" name="test" time="0.008"/>
  <system-out/>
</testsuite> <!-- TestNG.LearningHierarchy -->
