<?xml version="1.0" encoding="UTF-8"?>
<!-- Generated by org.testng.reporters.JUnitReportReporter -->
<testsuite hostname="Jodan" failures="0" tests="6" name="TestNG.DrivingCar" time="0.014" errors="0" timestamp="2021-08-11T11:58:53 IST" skipped="1">
  <testcase classname="TestNG.DrivingCar" name="StarttheCar" time="0.010"/>
  <system-out/>
  <testcase classname="TestNG.DrivingCar" name="FirstGear" time="0.001"/>
  <system-out/>
  <testcase classname="TestNG.DrivingCar" name="SecondGear" time="0.001"/>
  <system-out/>
  <testcase classname="TestNG.DrivingCar" name="ThirdGear" time="0.001"/>
  <system-out/>
  <testcase classname="TestNG.DrivingCar" name="ReverseGear" time="0.001"/>
  <system-out/>
  <testcase classname="TestNG.DrivingCar" name="TurnonMusic">
    <skipped/>
  </testcase> <!-- TurnonMusic -->
  <system-out/>
</testsuite> <!-- TestNG.DrivingCar -->
