<?xml version="1.0" encoding="UTF-8"?>
<!-- Generated by org.testng.reporters.JUnitReportReporter -->
<testsuite hostname="Jodan" failures="0" tests="1" name="TestNG.TryingDifferentAnationsPractice" time="0.004" errors="0" timestamp="2021-08-12T11:36:14 IST" skipped="0">
  <testcase classname="TestNG.TryingDifferentAnationsPractice" name="Start" time="0.004"/>
  <system-out/>
</testsuite> <!-- TestNG.TryingDifferentAnationsPractice -->
