<?xml version="1.0" encoding="UTF-8"?>
<!-- Generated by org.testng.reporters.JUnitReportReporter -->
<testsuite hostname="Jodan" failures="0" tests="1" name="TestNG.First" time="0.005" errors="0" timestamp="2021-08-12T11:44:39 IST" skipped="0">
  <testcase classname="TestNG.First" name="test2" time="0.005"/>
  <system-out/>
</testsuite> <!-- TestNG.First -->
