<?xml version="1.0" encoding="UTF-8"?>
<!-- Generated by org.testng.reporters.JUnitReportReporter -->
<testsuite hostname="Jodan" failures="0" tests="3" name="TestNG.AssertionExample" time="0.017" errors="0" timestamp="2021-08-16T10:06:09 IST" skipped="0">
  <testcase classname="TestNG.AssertionExample" name="Bool" time="0.015"/>
  <system-out/>
  <testcase classname="TestNG.AssertionExample" name="Sample" time="0.001"/>
  <system-out/>
  <testcase classname="TestNG.AssertionExample" name="Integer" time="0.001"/>
  <system-out/>
</testsuite> <!-- TestNG.AssertionExample -->
