<?xml version="1.0" encoding="UTF-8"?>
<!-- Generated by org.testng.reporters.JUnitReportReporter -->
<testsuite hostname="Jodan" failures="0" tests="4" name="TestNG.Activity1Refactored" time="110.197" errors="0" timestamp="2021-08-12T10:32:47 IST" skipped="0">
  <testcase classname="TestNG.Activity1Refactored" name="GotoYoutube" time="12.952"/>
  <system-out/>
  <testcase classname="TestNG.Activity1Refactored" name="GotoBing" time="35.814"/>
  <system-out/>
  <testcase classname="TestNG.Activity1Refactored" name="GotoYahoo" time="55.569"/>
  <system-out/>
  <testcase classname="TestNG.Activity1Refactored" name="Gotogoogle" time="5.862"/>
  <system-out/>
</testsuite> <!-- TestNG.Activity1Refactored -->
